TN:
SF:src/custodial/MarketplaceCustodial.sol
FN:167,MarketplaceCustodial.
FNDA:1,MarketplaceCustodial.
DA:168,1
FN:171,MarketplaceCustodial.supportsInterface
FNDA:0,MarketplaceCustodial.supportsInterface
DA:172,0
DA:173,0
FN:183,MarketplaceCustodial.onERC721Received
FNDA:44,MarketplaceCustodial.onERC721Received
DA:188,44
BRDA:188,0,0,1
BRDA:188,0,1,43
DA:189,1
DA:191,43
DA:192,43
FN:203,MarketplaceCustodial.onERC1155Received
FNDA:2,MarketplaceCustodial.onERC1155Received
DA:208,2
BRDA:208,1,0,-
BRDA:208,1,1,2
DA:209,0
DA:211,2
DA:212,2
FN:223,MarketplaceCustodial.onERC1155BatchReceived
FNDA:1,MarketplaceCustodial.onERC1155BatchReceived
DA:231,1
BRDA:231,2,0,-
BRDA:231,2,1,1
DA:232,0
DA:234,1
DA:235,1
FN:247,MarketplaceCustodial.setFees
FNDA:0,MarketplaceCustodial.setFees
DA:248,0
BRDA:248,3,0,-
BRDA:248,3,1,-
DA:249,0
DA:250,0
FN:256,MarketplaceCustodial.withdrawEthFees
FNDA:2,MarketplaceCustodial.withdrawEthFees
DA:257,1
DA:258,1
DA:259,1
DA:260,1
BRDA:260,4,0,-
BRDA:260,4,1,1
FN:266,MarketplaceCustodial.withdrawWethFees
FNDA:2,MarketplaceCustodial.withdrawWethFees
DA:267,2
DA:268,2
DA:269,2
DA:270,2
BRDA:270,5,0,-
BRDA:270,5,1,2
FN:284,MarketplaceCustodial.createSale
FNDA:46,MarketplaceCustodial.createSale
DA:285,46
BRDA:285,6,0,1
BRDA:285,6,1,45
DA:287,45
DA:290,45
BRDA:290,7,0,-
BRDA:290,7,1,42
DA:291,44
DA:294,44
BRDA:294,8,0,1
BRDA:294,8,1,43
DA:297,43
BRDA:297,9,0,1
BRDA:297,9,1,42
DA:300,42
DA:302,42
DA:305,42
DA:308,1
BRDA:308,10,0,-
BRDA:308,10,1,1
DA:309,1
DA:312,1
BRDA:312,11,0,-
BRDA:312,11,1,1
DA:315,1
BRDA:315,12,0,-
BRDA:315,12,1,1
DA:318,1
DA:320,1
DA:323,1
DA:325,0
FN:334,MarketplaceCustodial.modifySale
FNDA:4,MarketplaceCustodial.modifySale
DA:336,4
BRDA:336,13,0,1
BRDA:336,13,1,3
DA:337,1
DA:340,3
BRDA:340,14,0,1
BRDA:340,14,1,2
DA:342,2
DA:344,2
FN:351,MarketplaceCustodial.cancelSale
FNDA:9,MarketplaceCustodial.cancelSale
DA:352,9
DA:355,9
BRDA:355,15,0,1
BRDA:355,15,1,8
DA:358,8
BRDA:358,16,0,1
BRDA:358,16,1,7
DA:361,7
DA:363,7
BRDA:363,17,0,-
BRDA:363,17,1,7
DA:365,7
DA:366,0
BRDA:366,18,0,-
BRDA:366,18,1,-
DA:368,0
DA:370,0
DA:373,7
FN:384,MarketplaceCustodial.buySale
FNDA:8,MarketplaceCustodial.buySale
DA:386,8
BRDA:386,19,0,1
BRDA:386,19,1,7
DA:389,7
BRDA:389,20,0,1
BRDA:389,20,1,6
DA:392,6
BRDA:392,21,0,1
BRDA:392,21,1,5
DA:395,5
DA:398,5
DA:400,5
DA:403,5
DA:404,5
DA:407,5
BRDA:407,22,0,-
BRDA:407,22,1,5
DA:409,5
DA:412,0
BRDA:412,23,0,-
BRDA:412,23,1,-
DA:414,0
DA:416,0
DA:420,5
DA:421,5
BRDA:421,24,0,-
BRDA:421,24,1,5
DA:423,5
FN:440,MarketplaceCustodial.createBid
FNDA:23,MarketplaceCustodial.createBid
DA:441,23
BRDA:441,25,0,1
BRDA:441,25,1,22
DA:444,22
BRDA:444,26,0,1
BRDA:444,26,1,21
DA:447,21
BRDA:447,27,0,1
BRDA:447,27,1,20
DA:450,20
BRDA:450,28,0,2
BRDA:450,28,1,18
DA:452,18
DA:455,18
DA:456,18
FN:464,MarketplaceCustodial.modifyBid
FNDA:3,MarketplaceCustodial.modifyBid
DA:465,3
BRDA:465,29,0,1
BRDA:465,29,1,2
DA:468,2
BRDA:468,30,0,1
BRDA:468,30,1,1
DA:471,1
BRDA:471,31,0,1
BRDA:471,31,1,-
DA:474,0
BRDA:474,32,0,-
BRDA:474,32,1,-
DA:477,0
DA:479,0
FN:488,MarketplaceCustodial.cancelBid
FNDA:7,MarketplaceCustodial.cancelBid
DA:490,7
BRDA:490,33,0,1
BRDA:490,33,1,6
DA:493,6
BRDA:493,34,0,1
BRDA:493,34,1,5
DA:496,5
BRDA:496,35,0,1
BRDA:496,35,1,4
DA:499,4
DA:501,4
DA:503,4
FN:515,MarketplaceCustodial.acceptBid
FNDA:10,MarketplaceCustodial.acceptBid
DA:519,10
DA:520,10
BRDA:520,36,0,1
BRDA:520,36,1,9
DA:521,9
DA:524,9
BRDA:524,37,0,-
BRDA:524,37,1,9
DA:525,9
BRDA:525,38,0,1
BRDA:525,38,1,8
DA:528,8
BRDA:528,39,0,1
BRDA:528,39,1,7
DA:529,7
BRDA:529,40,0,1
BRDA:529,40,1,6
DA:530,6
BRDA:530,41,0,1
BRDA:530,41,1,5
DA:535,5
DA:538,5
DA:541,5
DA:544,5
DA:545,5
DA:547,5
BRDA:547,42,0,-
BRDA:547,42,1,5
DA:548,5
DA:551,0
BRDA:551,43,0,-
BRDA:551,43,1,-
DA:552,0
DA:554,0
DA:557,5
DA:558,5
BRDA:558,44,0,-
BRDA:558,44,1,5
DA:560,5
DA:561,5
BRDA:561,45,0,-
BRDA:561,45,1,5
DA:563,5
FN:570,MarketplaceCustodial._createSale
FNDA:43,MarketplaceCustodial._createSale
DA:573,43
DA:576,43
DA:579,43
DA:582,43
DA:584,43
DA:587,43
DA:589,43
DA:590,43
FN:611,MarketplaceCustodial.unlockNFT
FNDA:2,MarketplaceCustodial.unlockNFT
DA:612,1
FN:623,MarketplaceCustodial.getSaleOrder
FNDA:20,MarketplaceCustodial.getSaleOrder
DA:624,20
FN:630,MarketplaceCustodial.getEthFees
FNDA:1,MarketplaceCustodial.getEthFees
DA:631,0
FN:637,MarketplaceCustodial.getWethFees
FNDA:4,MarketplaceCustodial.getWethFees
DA:638,3
FN:645,MarketplaceCustodial._beforeTokenTransfer
FNDA:0,MarketplaceCustodial._beforeTokenTransfer
FN:647,MarketplaceCustodial._afterTokenTransfer
FNDA:0,MarketplaceCustodial._afterTokenTransfer
FNF:23
FNH:19
LF:128
LH:107
BRF:92
BRH:66
end_of_record
TN:
SF:src/testing/NFT1155.sol
FN:12,NFT1155.mint
FNDA:12,NFT1155.mint
DA:13,12
FNF:1
FNH:1
LF:1
LH:1
BRF:0
BRH:0
end_of_record
TN:
SF:src/testing/NFT721.sol
FN:17,NFT721.mint
FNDA:0,NFT721.mint
DA:18,0
DA:19,0
FN:23,NFT721.reveal
FNDA:0,NFT721.reveal
DA:24,0
FN:30,NFT721.tokenURI
FNDA:0,NFT721.tokenURI
DA:31,0
DA:33,0
DA:35,0
BRDA:35,0,0,-
BRDA:35,0,1,-
DA:36,0
DA:38,0
DA:39,0
FN:47,NFT721._baseURI
FNDA:0,NFT721._baseURI
DA:48,0
FNF:4
FNH:0
LF:10
LH:0
BRF:2
BRH:0
end_of_record
TN:
SF:src/testing/WETH.sol
FN:8,WETH.mint
FNDA:0,WETH.mint
DA:10,0
FNF:1
FNH:0
LF:1
LH:0
BRF:0
BRH:0
end_of_record
